# JRE version: OpenJDK Runtime Environment Temurin-17.0.1+12 (17.0.1+12) (build 17.0.1+12)
# Java VM: OpenJDK 64-Bit Server VM Temurin-17.0.1+12 (17.0.1+12, mixed mode, tiered, compressed oops, compressed class ptrs, g1 gc, windows-amd64)
GC Precious Log:
 CPUs: 8 total, 8 available
 Memory: 12185M
 Large Page Support: Disabled
 NUMA Support: Disabled
 Compressed Oops: Enabled (Zero based)
 Heap Region Size: 2M
 Heap Min Capacity: 8M
 Heap Initial Capacity: 192M
 Heap Max Capacity: 3048M
 Pre-touch: Disabled
 Parallel Workers: 8
 Concurrent Workers: 2
 Concurrent Refinement Workers: 8
 Periodic GC: Disabled
Heap:
 garbage-first heap   total 90112K, used 24911K [0x0000000741800000, 0x0000000800000000)
  region size 2048K, 5 young (10240K), 3 survivors (6144K)
 Metaspace       used 60324K, committed 60800K, reserved 1105920K
  class space    used 7884K, committed 8128K, reserved 1048576K
GC Heap History (20 events):
Event: 3.279 GC heap before
{Heap before GC invocations=5 (full 0):
 garbage-first heap   total 49152K, used 13289K [0x0000000741800000, 0x0000000800000000)
  region size 2048K, 2 young (4096K), 1 survivors (2048K)
 Metaspace       used 26865K, committed 27072K, reserved 1073152K
  class space    used 3092K, committed 3200K, reserved 1048576K
}
Event: 3.284 GC heap after
{Heap after GC invocations=6 (full 0):
 garbage-first heap   total 49152K, used 11389K [0x0000000741800000, 0x0000000800000000)
  region size 2048K, 1 young (2048K), 1 survivors (2048K)
 Metaspace       used 26865K, committed 27072K, reserved 1073152K
  class space    used 3092K, committed 3200K, reserved 1048576K
}
Event: 3.875 GC heap before
{Heap before GC invocations=6 (full 0):
 garbage-first heap   total 49152K, used 25725K [0x0000000741800000, 0x0000000800000000)
  region size 2048K, 9 young (18432K), 1 survivors (2048K)
 Metaspace       used 29817K, committed 30144K, reserved 1081344K
  class space    used 3509K, committed 3648K, reserved 1048576K
}
Event: 3.879 GC heap after
{Heap after GC invocations=7 (full 0):
 garbage-first heap   total 49152K, used 12757K [0x0000000741800000, 0x0000000800000000)
  region size 2048K, 1 young (2048K), 1 survivors (2048K)
 Metaspace       used 29817K, committed 30144K, reserved 1081344K
  class space    used 3509K, committed 3648K, reserved 1048576K
}
Event: 3.902 GC heap before
{Heap before GC invocations=7 (full 0):
 garbage-first heap   total 49152K, used 29141K [0x0000000741800000, 0x0000000800000000)
  region size 2048K, 10 young (20480K), 1 survivors (2048K)
 Metaspace       used 29922K, committed 30208K, reserved 1081344K
  class space    used 3523K, committed 3648K, reserved 1048576K
}
Event: 3.905 GC heap after
{Heap after GC invocations=8 (full 0):
 garbage-first heap   total 49152K, used 12891K [0x0000000741800000, 0x0000000800000000)
  region size 2048K, 1 young (2048K), 1 survivors (2048K)
 Metaspace       used 29922K, committed 30208K, reserved 1081344K
  class space    used 3523K, committed 3648K, reserved 1048576K
}
Event: 3.913 GC heap before
{Heap before GC invocations=8 (full 0):
 garbage-first heap   total 49152K, used 31323K [0x0000000741800000, 0x0000000800000000)
  region size 2048K, 11 young (22528K), 1 survivors (2048K)
 Metaspace       used 29943K, committed 30208K, reserved 1081344K
  class space    used 3526K, committed 3648K, reserved 1048576K
}
Event: 3.916 GC heap after
{Heap after GC invocations=9 (full 0):
 garbage-first heap   total 49152K, used 12836K [0x0000000741800000, 0x0000000800000000)
  region size 2048K, 1 young (2048K), 1 survivors (2048K)
 Metaspace       used 29943K, committed 30208K, reserved 1081344K
  class space    used 3526K, committed 3648K, reserved 1048576K
}
Event: 3.924 GC heap before
{Heap before GC invocations=9 (full 0):
 garbage-first heap   total 49152K, used 31268K [0x0000000741800000, 0x0000000800000000)
  region size 2048K, 11 young (22528K), 1 survivors (2048K)
 Metaspace       used 29949K, committed 30208K, reserved 1081344K
  class space    used 3527K, committed 3648K, reserved 1048576K
}
Event: 3.927 GC heap after
{Heap after GC invocations=10 (full 0):
 garbage-first heap   total 98304K, used 13022K [0x0000000741800000, 0x0000000800000000)
  region size 2048K, 1 young (2048K), 1 survivors (2048K)
 Metaspace       used 29949K, committed 30208K, reserved 1081344K
  class space    used 3527K, committed 3648K, reserved 1048576K
}
Event: 3.986 GC heap before
{Heap before GC invocations=10 (full 0):
 garbage-first heap   total 98304K, used 66270K [0x0000000741800000, 0x0000000800000000)
  region size 2048K, 28 young (57344K), 1 survivors (2048K)
 Metaspace       used 29951K, committed 30208K, reserved 1081344K
  class space    used 3528K, committed 3648K, reserved 1048576K
}
Event: 3.989 GC heap after
{Heap after GC invocations=11 (full 0):
 garbage-first heap   total 98304K, used 13041K [0x0000000741800000, 0x0000000800000000)
  region size 2048K, 1 young (2048K), 1 survivors (2048K)
 Metaspace       used 29951K, committed 30208K, reserved 1081344K
  class space    used 3528K, committed 3648K, reserved 1048576K
}
Event: 5.325 GC heap before
{Heap before GC invocations=11 (full 0):
 garbage-first heap   total 98304K, used 56049K [0x0000000741800000, 0x0000000800000000)
  region size 2048K, 24 young (49152K), 1 survivors (2048K)
 Metaspace       used 35770K, committed 36096K, reserved 1081344K
  class space    used 4291K, committed 4480K, reserved 1048576K
}
Event: 5.333 GC heap after
{Heap after GC invocations=12 (full 0):
 garbage-first heap   total 98304K, used 15994K [0x0000000741800000, 0x0000000800000000)
  region size 2048K, 3 young (6144K), 3 survivors (6144K)
 Metaspace       used 35770K, committed 36096K, reserved 1081344K
  class space    used 4291K, committed 4480K, reserved 1048576K
}
Event: 6.349 GC heap before
{Heap before GC invocations=13 (full 0):
 garbage-first heap   total 69632K, used 50810K [0x0000000741800000, 0x0000000800000000)
  region size 2048K, 20 young (40960K), 3 survivors (6144K)
 Metaspace       used 43003K, committed 43392K, reserved 1089536K
  class space    used 5411K, committed 5568K, reserved 1048576K
}
Event: 6.372 GC heap after
{Heap after GC invocations=14 (full 0):
 garbage-first heap   total 69632K, used 18334K [0x0000000741800000, 0x0000000800000000)
  region size 2048K, 2 young (4096K), 2 survivors (4096K)
 Metaspace       used 43003K, committed 43392K, reserved 1089536K
  class space    used 5411K, committed 5568K, reserved 1048576K
}
Event: 6.431 GC heap before
{Heap before GC invocations=14 (full 0):
 garbage-first heap   total 69632K, used 20382K [0x0000000741800000, 0x0000000800000000)
  region size 2048K, 3 young (6144K), 2 survivors (4096K)
 Metaspace       used 43504K, committed 43904K, reserved 1089536K
  class space    used 5479K, committed 5632K, reserved 1048576K
}
Event: 6.439 GC heap after
{Heap after GC invocations=15 (full 0):
 garbage-first heap   total 139264K, used 18578K [0x0000000741800000, 0x0000000800000000)
  region size 2048K, 1 young (2048K), 1 survivors (2048K)
 Metaspace       used 43504K, committed 43904K, reserved 1089536K
  class space    used 5479K, committed 5632K, reserved 1048576K
}
Event: 8.580 GC heap before
{Heap before GC invocations=15 (full 0):
 garbage-first heap   total 139264K, used 96402K [0x0000000741800000, 0x0000000800000000)
  region size 2048K, 40 young (81920K), 1 survivors (2048K)
 Metaspace       used 60003K, committed 60416K, reserved 1105920K
  class space    used 7800K, committed 8000K, reserved 1048576K
}
Event: 8.593 GC heap after
{Heap after GC invocations=16 (full 0):
 garbage-first heap   total 139264K, used 22863K [0x0000000741800000, 0x0000000800000000)
  region size 2048K, 3 young (6144K), 3 survivors (6144K)
 Metaspace       used 60003K, committed 60416K, reserved 1105920K
  class space    used 7800K, committed 8000K, reserved 1048576K
}

